<?xml version="1.0" encoding="UTF-8"?>
<testng-results ignored="0" total="1" passed="1" failed="0" skipped="0">
  <reporter-output>
  </reporter-output>
  <suite started-at="2026-04-25T14:29:36 IST" name="SauceDemo Test Suite" finished-at="2026-04-25T14:30:01 IST" duration-ms="24485">
    <groups>
    </groups>
    <test started-at="2026-04-25T14:29:36 IST" name="Login Tests" finished-at="2026-04-25T14:30:01 IST" duration-ms="24485">
      <class name="com.saucedemo.automation.CloseHamburgerMenuTest">
        <test-method signature="verifyCloseHamburgerMenu()[pri:0, instance:com.saucedemo.automation.CloseHamburgerMenuTest@5119fb47]" started-at="2026-04-25T14:29:36 IST" name="verifyCloseHamburgerMenu" finished-at="2026-04-25T14:30:01 IST" duration-ms="24463" status="PASS">
          <reporter-output>
          </reporter-output>
        </test-method> <!-- verifyCloseHamburgerMenu -->
      </class> <!-- com.saucedemo.automation.CloseHamburgerMenuTest -->
    </test> <!-- Login Tests -->
  </suite> <!-- SauceDemo Test Suite -->
</testng-results>
